DEPRECATION WARNING: RAILS_ROOT is deprecated. Please use ::Rails.root.to_s. (called from method_missing at /Library/Ruby/Gems/1.8/gems/railties-3.0.3/lib/rails/deprecation.rb:26)
DEPRECATION WARNING: RAILS_ENV is deprecated. Please use ::Rails.env. (called from method_missing at /Library/Ruby/Gems/1.8/gems/railties-3.0.3/lib/rails/deprecation.rb:26)
DEPRECATION WARNING: RAILS_ROOT is deprecated. Please use ::Rails.root.to_s. (called from method_missing at /Library/Ruby/Gems/1.8/gems/railties-3.0.3/lib/rails/deprecation.rb:26)
DEPRECATION WARNING: RAILS_ENV is deprecated. Please use ::Rails.env. (called from method_missing at /Library/Ruby/Gems/1.8/gems/railties-3.0.3/lib/rails/deprecation.rb:26)
  [1m[36mSQL (0.2ms)[0m  [1m SELECT name
 FROM sqlite_master
 WHERE type = 'table' AND NOT name = 'sqlite_sequence'
[0m
  [1m[35mSQL (0.1ms)[0m  select sqlite_version(*)
  [1m[36mSQL (1.4ms)[0m  [1mCREATE TABLE "schema_migrations" ("version" varchar(255) NOT NULL) [0m
  [1m[35mSQL (0.0ms)[0m  PRAGMA index_list("schema_migrations")
  [1m[36mSQL (1.3ms)[0m  [1mCREATE UNIQUE INDEX "unique_schema_migrations" ON "schema_migrations" ("version")[0m
  [1m[35mSQL (0.1ms)[0m   SELECT name
 FROM sqlite_master
 WHERE type = 'table' AND NOT name = 'sqlite_sequence'
  [1m[36mSQL (0.1ms)[0m  [1m SELECT name
 FROM sqlite_master
 WHERE type = 'table' AND NOT name = 'sqlite_sequence'
[0m
  [1m[35mSQL (0.1ms)[0m  SELECT "schema_migrations"."version" FROM "schema_migrations"
Migrating to CreateReportHits (20110118133605)
  [1m[36mSQL (0.5ms)[0m  [1mCREATE TABLE "report_hits" ("id" INTEGER PRIMARY KEY AUTOINCREMENT NOT NULL, "bit_score" decimal, "evalue" decimal, "identity" integer, "overlap" integer, "len" integer, "target" text, "na_sequence_id" integer, "created_at" datetime, "updated_at" datetime) [0m
  [1m[35mSQL (0.1ms)[0m  INSERT INTO "schema_migrations" ("version") VALUES ('20110118133605')
Migrating to CreateNaSequences (20110118133955)
  [1m[36mSQL (0.4ms)[0m  [1mCREATE TABLE "na_sequences" ("id" INTEGER PRIMARY KEY AUTOINCREMENT NOT NULL, "content" text, "computed" integer, "aa_sequence_id" integer, "created_at" datetime, "updated_at" datetime) [0m
  [1m[35mSQL (0.1ms)[0m  INSERT INTO "schema_migrations" ("version") VALUES ('20110118133955')
Migrating to CreateAaSequences (20110118134027)
  [1m[36mSQL (0.4ms)[0m  [1mCREATE TABLE "aa_sequences" ("id" INTEGER PRIMARY KEY AUTOINCREMENT NOT NULL, "content" text, "created_at" datetime, "updated_at" datetime) [0m
  [1m[35mSQL (0.1ms)[0m  INSERT INTO "schema_migrations" ("version") VALUES ('20110118134027')
Migrating to AddDescrDbToAaSeq (20110124100250)
  [1m[36mSQL (0.4ms)[0m  [1mALTER TABLE "aa_sequences" ADD "description" text[0m
  [1m[35mSQL (0.2ms)[0m  ALTER TABLE "aa_sequences" ADD "ref_table" varchar(255)
  [1m[36mSQL (0.1ms)[0m  [1mINSERT INTO "schema_migrations" ("version") VALUES ('20110124100250')[0m
Migrating to DeviseCreateUsers (20110201094527)
  [1m[35mSQL (0.5ms)[0m  CREATE TABLE "users" ("id" INTEGER PRIMARY KEY AUTOINCREMENT NOT NULL, "email" varchar(255) DEFAULT '' NOT NULL, "encrypted_password" varchar(128) DEFAULT '' NOT NULL, "password_salt" varchar(255) DEFAULT '' NOT NULL, "reset_password_token" varchar(255), "remember_token" varchar(255), "remember_created_at" datetime, "sign_in_count" integer DEFAULT 0, "current_sign_in_at" datetime, "last_sign_in_at" datetime, "current_sign_in_ip" varchar(255), "last_sign_in_ip" varchar(255), "created_at" datetime, "updated_at" datetime) 
  [1m[36mSQL (0.1ms)[0m  [1mPRAGMA index_list("users")[0m
  [1m[35mSQL (0.9ms)[0m  CREATE UNIQUE INDEX "index_users_on_email" ON "users" ("email")
  [1m[36mSQL (0.1ms)[0m  [1mPRAGMA index_list("users")[0m
  [1m[35mSQL (0.1ms)[0m  PRAGMA index_info('index_users_on_email')
  [1m[36mSQL (0.2ms)[0m  [1mCREATE UNIQUE INDEX "index_users_on_reset_password_token" ON "users" ("reset_password_token")[0m
  [1m[35mSQL (0.1ms)[0m  INSERT INTO "schema_migrations" ("version") VALUES ('20110201094527')
  [1m[36mSQL (0.2ms)[0m  [1m SELECT name
 FROM sqlite_master
 WHERE type = 'table' AND NOT name = 'sqlite_sequence'
[0m
  [1m[35mSQL (0.2ms)[0m  SELECT "schema_migrations"."version" FROM "schema_migrations"
  [1m[36mSQL (0.1ms)[0m  [1m SELECT name
 FROM sqlite_master
 WHERE type = 'table' AND NOT name = 'sqlite_sequence'
[0m
  [1m[35mSQL (0.0ms)[0m  PRAGMA index_list("aa_sequences")
  [1m[36mSQL (0.0ms)[0m  [1mPRAGMA index_list("na_sequences")[0m
  [1m[35mSQL (0.0ms)[0m  PRAGMA index_list("report_hits")
  [1m[36mSQL (0.1ms)[0m  [1mPRAGMA index_list("users")[0m
  [1m[35mSQL (0.1ms)[0m  PRAGMA index_info('index_users_on_reset_password_token')
  [1m[36mSQL (0.1ms)[0m  [1mPRAGMA index_info('index_users_on_email')[0m
DEPRECATION WARNING: RAILS_ROOT is deprecated. Please use ::Rails.root.to_s. (called from method_missing at /Library/Ruby/Gems/1.8/gems/railties-3.0.3/lib/rails/deprecation.rb:26)
DEPRECATION WARNING: RAILS_ENV is deprecated. Please use ::Rails.env. (called from method_missing at /Library/Ruby/Gems/1.8/gems/railties-3.0.3/lib/rails/deprecation.rb:26)
  [1m[36mSQL (0.5ms)[0m  [1m SELECT name
 FROM sqlite_master
 WHERE type = 'table' AND NOT name = 'sqlite_sequence'
[0m
  [1m[35mSQL (0.2ms)[0m   SELECT name
 FROM sqlite_master
 WHERE type = 'table' AND NOT name = 'sqlite_sequence'
  [1m[36mSQL (0.1ms)[0m  [1mSELECT "schema_migrations"."version" FROM "schema_migrations"[0m
Migrating to CreateReportHits (20110118133605)
Migrating to CreateNaSequences (20110118133955)
Migrating to CreateAaSequences (20110118134027)
Migrating to AddDescrDbToAaSeq (20110124100250)
Migrating to DeviseCreateUsers (20110201094527)
  [1m[35mSQL (0.1ms)[0m  select sqlite_version(*)
  [1m[36mSQL (0.2ms)[0m  [1m SELECT name
 FROM sqlite_master
 WHERE type = 'table' AND NOT name = 'sqlite_sequence'
[0m
  [1m[35mSQL (0.1ms)[0m  SELECT "schema_migrations"."version" FROM "schema_migrations"
  [1m[36mSQL (0.1ms)[0m  [1m SELECT name
 FROM sqlite_master
 WHERE type = 'table' AND NOT name = 'sqlite_sequence'
[0m
  [1m[35mSQL (0.0ms)[0m  PRAGMA index_list("aa_sequences")
  [1m[36mSQL (0.0ms)[0m  [1mPRAGMA index_list("na_sequences")[0m
  [1m[35mSQL (0.0ms)[0m  PRAGMA index_list("report_hits")
  [1m[36mSQL (0.1ms)[0m  [1mPRAGMA index_list("users")[0m
  [1m[35mSQL (0.1ms)[0m  PRAGMA index_info('index_users_on_reset_password_token')
  [1m[36mSQL (0.1ms)[0m  [1mPRAGMA index_info('index_users_on_email')[0m
